[INFO  - 2016-03-21T01:12:24.324Z] GhostDriver - Main - running on port 13459
[INFO  - 2016-03-21T01:12:24.559Z] Session [f85d7bb0-ef01-11e5-a395-1d9e5d9ab7c4] - page.settings - {"XSSAuditingEnabled":false,"javascriptCanCloseWindows":true,"javascriptCanOpenWindows":true,"javascriptEnabled":true,"loadImages":true,"localToRemoteUrlAccessEnabled":false,"userAgent":"Mozilla/5.0 (Macintosh; Intel Mac OS X) AppleWebKit/538.1 (KHTML, like Gecko) PhantomJS/2.1.1 Safari/538.1","webSecurityEnabled":true}
[INFO  - 2016-03-21T01:12:24.559Z] Session [f85d7bb0-ef01-11e5-a395-1d9e5d9ab7c4] - page.customHeaders:  - {}
[INFO  - 2016-03-21T01:12:24.559Z] Session [f85d7bb0-ef01-11e5-a395-1d9e5d9ab7c4] - Session.negotiatedCapabilities - {"browserName":"phantomjs","version":"2.1.1","driverName":"ghostdriver","driverVersion":"1.2.0","platform":"mac-10.11 (El Capitan)-64bit","javascriptEnabled":true,"takesScreenshot":true,"handlesAlerts":false,"databaseEnabled":false,"locationContextEnabled":false,"applicationCacheEnabled":false,"browserConnectionEnabled":false,"cssSelectorsEnabled":true,"webStorageEnabled":false,"rotatable":false,"acceptSslCerts":false,"nativeEvents":true,"proxy":{"proxyType":"direct"}}
[INFO  - 2016-03-21T01:12:24.559Z] SessionManagerReqHand - _postNewSessionCommand - New Session Created: f85d7bb0-ef01-11e5-a395-1d9e5d9ab7c4
[ERROR - 2016-03-21T01:12:26.364Z] WebElementLocator - _handleLocateCommand - Element(s) NOT Found: GAVE UP. Search Stop Time: 1458522746334
[INFO  - 2016-03-21T01:12:29.116Z] ShutdownReqHand - _handle - About to shutdown
[INFO  - 2016-03-21T01:19:44.891Z] GhostDriver - Main - running on port 8512
[INFO  - 2016-03-21T01:19:45.089Z] Session [fef106d0-ef02-11e5-bae5-f36820ff8362] - page.settings - {"XSSAuditingEnabled":false,"javascriptCanCloseWindows":true,"javascriptCanOpenWindows":true,"javascriptEnabled":true,"loadImages":true,"localToRemoteUrlAccessEnabled":false,"userAgent":"Mozilla/5.0 (Macintosh; Intel Mac OS X) AppleWebKit/538.1 (KHTML, like Gecko) PhantomJS/2.1.1 Safari/538.1","webSecurityEnabled":true}
[INFO  - 2016-03-21T01:19:45.089Z] Session [fef106d0-ef02-11e5-bae5-f36820ff8362] - page.customHeaders:  - {}
[INFO  - 2016-03-21T01:19:45.089Z] Session [fef106d0-ef02-11e5-bae5-f36820ff8362] - Session.negotiatedCapabilities - {"browserName":"phantomjs","version":"2.1.1","driverName":"ghostdriver","driverVersion":"1.2.0","platform":"mac-10.11 (El Capitan)-64bit","javascriptEnabled":true,"takesScreenshot":true,"handlesAlerts":false,"databaseEnabled":false,"locationContextEnabled":false,"applicationCacheEnabled":false,"browserConnectionEnabled":false,"cssSelectorsEnabled":true,"webStorageEnabled":false,"rotatable":false,"acceptSslCerts":false,"nativeEvents":true,"proxy":{"proxyType":"direct"}}
[INFO  - 2016-03-21T01:19:45.089Z] SessionManagerReqHand - _postNewSessionCommand - New Session Created: fef106d0-ef02-11e5-bae5-f36820ff8362
[ERROR - 2016-03-21T01:19:47.541Z] WebElementLocator - _handleLocateCommand - Element(s) NOT Found: GAVE UP. Search Stop Time: 1458523187516
[INFO  - 2016-03-21T01:19:50.089Z] ShutdownReqHand - _handle - About to shutdown
[INFO  - 2016-03-21T01:26:36.786Z] GhostDriver - Main - running on port 10561
[INFO  - 2016-03-21T01:26:37.044Z] Session [f47c5f00-ef03-11e5-b17f-19666d2b542f] - page.settings - {"XSSAuditingEnabled":false,"javascriptCanCloseWindows":true,"javascriptCanOpenWindows":true,"javascriptEnabled":true,"loadImages":true,"localToRemoteUrlAccessEnabled":false,"userAgent":"Mozilla/5.0 (Macintosh; Intel Mac OS X) AppleWebKit/538.1 (KHTML, like Gecko) PhantomJS/2.1.1 Safari/538.1","webSecurityEnabled":true}
[INFO  - 2016-03-21T01:26:37.044Z] Session [f47c5f00-ef03-11e5-b17f-19666d2b542f] - page.customHeaders:  - {}
[INFO  - 2016-03-21T01:26:37.044Z] Session [f47c5f00-ef03-11e5-b17f-19666d2b542f] - Session.negotiatedCapabilities - {"browserName":"phantomjs","version":"2.1.1","driverName":"ghostdriver","driverVersion":"1.2.0","platform":"mac-10.11 (El Capitan)-64bit","javascriptEnabled":true,"takesScreenshot":true,"handlesAlerts":false,"databaseEnabled":false,"locationContextEnabled":false,"applicationCacheEnabled":false,"browserConnectionEnabled":false,"cssSelectorsEnabled":true,"webStorageEnabled":false,"rotatable":false,"acceptSslCerts":false,"nativeEvents":true,"proxy":{"proxyType":"direct"}}
[INFO  - 2016-03-21T01:26:37.044Z] SessionManagerReqHand - _postNewSessionCommand - New Session Created: f47c5f00-ef03-11e5-b17f-19666d2b542f
[ERROR - 2016-03-21T01:26:39.129Z] WebElementLocator - _handleLocateCommand - Element(s) NOT Found: GAVE UP. Search Stop Time: 1458523599099
[INFO  - 2016-03-21T01:26:41.777Z] ShutdownReqHand - _handle - About to shutdown
[INFO  - 2016-03-21T01:27:59.770Z] GhostDriver - Main - running on port 13558
[INFO  - 2016-03-21T01:27:59.997Z] Session [25edfe90-ef04-11e5-b4ef-133b3d7ea28f] - page.settings - {"XSSAuditingEnabled":false,"javascriptCanCloseWindows":true,"javascriptCanOpenWindows":true,"javascriptEnabled":true,"loadImages":true,"localToRemoteUrlAccessEnabled":false,"userAgent":"Mozilla/5.0 (Macintosh; Intel Mac OS X) AppleWebKit/538.1 (KHTML, like Gecko) PhantomJS/2.1.1 Safari/538.1","webSecurityEnabled":true}
[INFO  - 2016-03-21T01:27:59.997Z] Session [25edfe90-ef04-11e5-b4ef-133b3d7ea28f] - page.customHeaders:  - {}
[INFO  - 2016-03-21T01:27:59.997Z] Session [25edfe90-ef04-11e5-b4ef-133b3d7ea28f] - Session.negotiatedCapabilities - {"browserName":"phantomjs","version":"2.1.1","driverName":"ghostdriver","driverVersion":"1.2.0","platform":"mac-10.11 (El Capitan)-64bit","javascriptEnabled":true,"takesScreenshot":true,"handlesAlerts":false,"databaseEnabled":false,"locationContextEnabled":false,"applicationCacheEnabled":false,"browserConnectionEnabled":false,"cssSelectorsEnabled":true,"webStorageEnabled":false,"rotatable":false,"acceptSslCerts":false,"nativeEvents":true,"proxy":{"proxyType":"direct"}}
[INFO  - 2016-03-21T01:27:59.997Z] SessionManagerReqHand - _postNewSessionCommand - New Session Created: 25edfe90-ef04-11e5-b4ef-133b3d7ea28f
[ERROR - 2016-03-21T01:28:01.566Z] WebElementLocator - _handleLocateCommand - Element(s) NOT Found: GAVE UP. Search Stop Time: 1458523681538
[INFO  - 2016-03-21T01:28:04.029Z] ShutdownReqHand - _handle - About to shutdown
[INFO  - 2016-03-21T02:04:12.879Z] GhostDriver - Main - running on port 7956
[INFO  - 2016-03-21T02:04:13.118Z] Session [3535f1a0-ef09-11e5-9a78-a7737a4e24cc] - page.settings - {"XSSAuditingEnabled":false,"javascriptCanCloseWindows":true,"javascriptCanOpenWindows":true,"javascriptEnabled":true,"loadImages":true,"localToRemoteUrlAccessEnabled":false,"userAgent":"Mozilla/5.0 (Macintosh; Intel Mac OS X) AppleWebKit/538.1 (KHTML, like Gecko) PhantomJS/2.1.1 Safari/538.1","webSecurityEnabled":true}
[INFO  - 2016-03-21T02:04:13.118Z] Session [3535f1a0-ef09-11e5-9a78-a7737a4e24cc] - page.customHeaders:  - {}
[INFO  - 2016-03-21T02:04:13.118Z] Session [3535f1a0-ef09-11e5-9a78-a7737a4e24cc] - Session.negotiatedCapabilities - {"browserName":"phantomjs","version":"2.1.1","driverName":"ghostdriver","driverVersion":"1.2.0","platform":"mac-10.11 (El Capitan)-64bit","javascriptEnabled":true,"takesScreenshot":true,"handlesAlerts":false,"databaseEnabled":false,"locationContextEnabled":false,"applicationCacheEnabled":false,"browserConnectionEnabled":false,"cssSelectorsEnabled":true,"webStorageEnabled":false,"rotatable":false,"acceptSslCerts":false,"nativeEvents":true,"proxy":{"proxyType":"direct"}}
[INFO  - 2016-03-21T02:04:13.118Z] SessionManagerReqHand - _postNewSessionCommand - New Session Created: 3535f1a0-ef09-11e5-9a78-a7737a4e24cc
[ERROR - 2016-03-21T02:04:14.183Z] WebElementLocator - _handleLocateCommand - Element(s) NOT Found: GAVE UP. Search Stop Time: 1458525854156
[INFO  - 2016-03-21T02:04:16.880Z] ShutdownReqHand - _handle - About to shutdown
[INFO  - 2016-03-21T02:04:38.798Z] GhostDriver - Main - running on port 32946
[INFO  - 2016-03-21T02:04:39.035Z] Session [44a89070-ef09-11e5-944f-a1922f785dda] - page.settings - {"XSSAuditingEnabled":false,"javascriptCanCloseWindows":true,"javascriptCanOpenWindows":true,"javascriptEnabled":true,"loadImages":true,"localToRemoteUrlAccessEnabled":false,"userAgent":"Mozilla/5.0 (Macintosh; Intel Mac OS X) AppleWebKit/538.1 (KHTML, like Gecko) PhantomJS/2.1.1 Safari/538.1","webSecurityEnabled":true}
[INFO  - 2016-03-21T02:04:39.035Z] Session [44a89070-ef09-11e5-944f-a1922f785dda] - page.customHeaders:  - {}
[INFO  - 2016-03-21T02:04:39.035Z] Session [44a89070-ef09-11e5-944f-a1922f785dda] - Session.negotiatedCapabilities - {"browserName":"phantomjs","version":"2.1.1","driverName":"ghostdriver","driverVersion":"1.2.0","platform":"mac-10.11 (El Capitan)-64bit","javascriptEnabled":true,"takesScreenshot":true,"handlesAlerts":false,"databaseEnabled":false,"locationContextEnabled":false,"applicationCacheEnabled":false,"browserConnectionEnabled":false,"cssSelectorsEnabled":true,"webStorageEnabled":false,"rotatable":false,"acceptSslCerts":false,"nativeEvents":true,"proxy":{"proxyType":"direct"}}
[INFO  - 2016-03-21T02:04:39.035Z] SessionManagerReqHand - _postNewSessionCommand - New Session Created: 44a89070-ef09-11e5-944f-a1922f785dda
[ERROR - 2016-03-21T02:04:40.397Z] WebElementLocator - _handleLocateCommand - Element(s) NOT Found: GAVE UP. Search Stop Time: 1458525880363
[INFO  - 2016-03-21T02:04:42.859Z] ShutdownReqHand - _handle - About to shutdown
[INFO  - 2016-03-21T02:05:17.280Z] GhostDriver - Main - running on port 28710
[INFO  - 2016-03-21T02:05:17.485Z] Session [5b93b8a0-ef09-11e5-a5ef-0598cf073f8f] - page.settings - {"XSSAuditingEnabled":false,"javascriptCanCloseWindows":true,"javascriptCanOpenWindows":true,"javascriptEnabled":true,"loadImages":true,"localToRemoteUrlAccessEnabled":false,"userAgent":"Mozilla/5.0 (Macintosh; Intel Mac OS X) AppleWebKit/538.1 (KHTML, like Gecko) PhantomJS/2.1.1 Safari/538.1","webSecurityEnabled":true}
[INFO  - 2016-03-21T02:05:17.485Z] Session [5b93b8a0-ef09-11e5-a5ef-0598cf073f8f] - page.customHeaders:  - {}
[INFO  - 2016-03-21T02:05:17.485Z] Session [5b93b8a0-ef09-11e5-a5ef-0598cf073f8f] - Session.negotiatedCapabilities - {"browserName":"phantomjs","version":"2.1.1","driverName":"ghostdriver","driverVersion":"1.2.0","platform":"mac-10.11 (El Capitan)-64bit","javascriptEnabled":true,"takesScreenshot":true,"handlesAlerts":false,"databaseEnabled":false,"locationContextEnabled":false,"applicationCacheEnabled":false,"browserConnectionEnabled":false,"cssSelectorsEnabled":true,"webStorageEnabled":false,"rotatable":false,"acceptSslCerts":false,"nativeEvents":true,"proxy":{"proxyType":"direct"}}
[INFO  - 2016-03-21T02:05:17.486Z] SessionManagerReqHand - _postNewSessionCommand - New Session Created: 5b93b8a0-ef09-11e5-a5ef-0598cf073f8f
[ERROR - 2016-03-21T02:05:18.740Z] WebElementLocator - _handleLocateCommand - Element(s) NOT Found: GAVE UP. Search Stop Time: 1458525918714
[INFO  - 2016-03-21T02:05:21.286Z] ShutdownReqHand - _handle - About to shutdown
[INFO  - 2016-03-21T02:05:38.339Z] GhostDriver - Main - running on port 22452
[INFO  - 2016-03-21T02:05:38.571Z] Session [68250970-ef09-11e5-8bde-e5a804160705] - page.settings - {"XSSAuditingEnabled":false,"javascriptCanCloseWindows":true,"javascriptCanOpenWindows":true,"javascriptEnabled":true,"loadImages":true,"localToRemoteUrlAccessEnabled":false,"userAgent":"Mozilla/5.0 (Macintosh; Intel Mac OS X) AppleWebKit/538.1 (KHTML, like Gecko) PhantomJS/2.1.1 Safari/538.1","webSecurityEnabled":true}
[INFO  - 2016-03-21T02:05:38.571Z] Session [68250970-ef09-11e5-8bde-e5a804160705] - page.customHeaders:  - {}
[INFO  - 2016-03-21T02:05:38.571Z] Session [68250970-ef09-11e5-8bde-e5a804160705] - Session.negotiatedCapabilities - {"browserName":"phantomjs","version":"2.1.1","driverName":"ghostdriver","driverVersion":"1.2.0","platform":"mac-10.11 (El Capitan)-64bit","javascriptEnabled":true,"takesScreenshot":true,"handlesAlerts":false,"databaseEnabled":false,"locationContextEnabled":false,"applicationCacheEnabled":false,"browserConnectionEnabled":false,"cssSelectorsEnabled":true,"webStorageEnabled":false,"rotatable":false,"acceptSslCerts":false,"nativeEvents":true,"proxy":{"proxyType":"direct"}}
[INFO  - 2016-03-21T02:05:38.571Z] SessionManagerReqHand - _postNewSessionCommand - New Session Created: 68250970-ef09-11e5-8bde-e5a804160705
[ERROR - 2016-03-21T02:05:39.932Z] WebElementLocator - _handleLocateCommand - Element(s) NOT Found: GAVE UP. Search Stop Time: 1458525939904
[INFO  - 2016-03-21T02:05:42.366Z] ShutdownReqHand - _handle - About to shutdown
[INFO  - 2016-03-21T02:15:06.406Z] GhostDriver - Main - running on port 25016
[INFO  - 2016-03-21T02:15:06.639Z] Session [babd55b0-ef0a-11e5-93eb-599cf8c3af2c] - page.settings - {"XSSAuditingEnabled":false,"javascriptCanCloseWindows":true,"javascriptCanOpenWindows":true,"javascriptEnabled":true,"loadImages":true,"localToRemoteUrlAccessEnabled":false,"userAgent":"Mozilla/5.0 (Macintosh; Intel Mac OS X) AppleWebKit/538.1 (KHTML, like Gecko) PhantomJS/2.1.1 Safari/538.1","webSecurityEnabled":true}
[INFO  - 2016-03-21T02:15:06.639Z] Session [babd55b0-ef0a-11e5-93eb-599cf8c3af2c] - page.customHeaders:  - {}
[INFO  - 2016-03-21T02:15:06.639Z] Session [babd55b0-ef0a-11e5-93eb-599cf8c3af2c] - Session.negotiatedCapabilities - {"browserName":"phantomjs","version":"2.1.1","driverName":"ghostdriver","driverVersion":"1.2.0","platform":"mac-10.11 (El Capitan)-64bit","javascriptEnabled":true,"takesScreenshot":true,"handlesAlerts":false,"databaseEnabled":false,"locationContextEnabled":false,"applicationCacheEnabled":false,"browserConnectionEnabled":false,"cssSelectorsEnabled":true,"webStorageEnabled":false,"rotatable":false,"acceptSslCerts":false,"nativeEvents":true,"proxy":{"proxyType":"direct"}}
[INFO  - 2016-03-21T02:15:06.639Z] SessionManagerReqHand - _postNewSessionCommand - New Session Created: babd55b0-ef0a-11e5-93eb-599cf8c3af2c
[ERROR - 2016-03-21T02:15:07.696Z] WebElementLocator - _handleLocateCommand - Element(s) NOT Found: GAVE UP. Search Stop Time: 1458526507668
[INFO  - 2016-03-21T02:15:10.170Z] ShutdownReqHand - _handle - About to shutdown
[INFO  - 2016-03-21T02:20:50.423Z] GhostDriver - Main - running on port 12477
[INFO  - 2016-03-21T02:20:50.656Z] Session [87ca29c0-ef0b-11e5-bad2-a5a0a02a14d3] - page.settings - {"XSSAuditingEnabled":false,"javascriptCanCloseWindows":true,"javascriptCanOpenWindows":true,"javascriptEnabled":true,"loadImages":true,"localToRemoteUrlAccessEnabled":false,"userAgent":"Mozilla/5.0 (Macintosh; Intel Mac OS X) AppleWebKit/538.1 (KHTML, like Gecko) PhantomJS/2.1.1 Safari/538.1","webSecurityEnabled":true}
[INFO  - 2016-03-21T02:20:50.656Z] Session [87ca29c0-ef0b-11e5-bad2-a5a0a02a14d3] - page.customHeaders:  - {}
[INFO  - 2016-03-21T02:20:50.656Z] Session [87ca29c0-ef0b-11e5-bad2-a5a0a02a14d3] - Session.negotiatedCapabilities - {"browserName":"phantomjs","version":"2.1.1","driverName":"ghostdriver","driverVersion":"1.2.0","platform":"mac-10.11 (El Capitan)-64bit","javascriptEnabled":true,"takesScreenshot":true,"handlesAlerts":false,"databaseEnabled":false,"locationContextEnabled":false,"applicationCacheEnabled":false,"browserConnectionEnabled":false,"cssSelectorsEnabled":true,"webStorageEnabled":false,"rotatable":false,"acceptSslCerts":false,"nativeEvents":true,"proxy":{"proxyType":"direct"}}
[INFO  - 2016-03-21T02:20:50.656Z] SessionManagerReqHand - _postNewSessionCommand - New Session Created: 87ca29c0-ef0b-11e5-bad2-a5a0a02a14d3
[ERROR - 2016-03-21T02:20:52.732Z] WebElementLocator - _handleLocateCommand - Element(s) NOT Found: GAVE UP. Search Stop Time: 1458526852712
[INFO  - 2016-03-21T02:20:58.923Z] ShutdownReqHand - _handle - About to shutdown
[INFO  - 2016-03-21T02:22:08.372Z] GhostDriver - Main - running on port 13499
[INFO  - 2016-03-21T02:22:08.590Z] Session [b63df2a0-ef0b-11e5-95d5-3bc794729775] - page.settings - {"XSSAuditingEnabled":false,"javascriptCanCloseWindows":true,"javascriptCanOpenWindows":true,"javascriptEnabled":true,"loadImages":true,"localToRemoteUrlAccessEnabled":false,"userAgent":"Mozilla/5.0 (Macintosh; Intel Mac OS X) AppleWebKit/538.1 (KHTML, like Gecko) PhantomJS/2.1.1 Safari/538.1","webSecurityEnabled":true}
[INFO  - 2016-03-21T02:22:08.590Z] Session [b63df2a0-ef0b-11e5-95d5-3bc794729775] - page.customHeaders:  - {}
[INFO  - 2016-03-21T02:22:08.590Z] Session [b63df2a0-ef0b-11e5-95d5-3bc794729775] - Session.negotiatedCapabilities - {"browserName":"phantomjs","version":"2.1.1","driverName":"ghostdriver","driverVersion":"1.2.0","platform":"mac-10.11 (El Capitan)-64bit","javascriptEnabled":true,"takesScreenshot":true,"handlesAlerts":false,"databaseEnabled":false,"locationContextEnabled":false,"applicationCacheEnabled":false,"browserConnectionEnabled":false,"cssSelectorsEnabled":true,"webStorageEnabled":false,"rotatable":false,"acceptSslCerts":false,"nativeEvents":true,"proxy":{"proxyType":"direct"}}
[INFO  - 2016-03-21T02:22:08.590Z] SessionManagerReqHand - _postNewSessionCommand - New Session Created: b63df2a0-ef0b-11e5-95d5-3bc794729775
[ERROR - 2016-03-21T02:22:09.634Z] WebElementLocator - _handleLocateCommand - Element(s) NOT Found: GAVE UP. Search Stop Time: 1458526929613
[ERROR - 2016-03-21T02:22:10.583Z] WebElementLocator - _handleLocateCommand - Element(s) NOT Found: GAVE UP. Search Stop Time: 1458526930564
[ERROR - 2016-03-21T02:22:12.149Z] WebElementLocator - _handleLocateCommand - Element(s) NOT Found: GAVE UP. Search Stop Time: 1458526932127
[INFO  - 2016-03-21T02:22:12.480Z] ShutdownReqHand - _handle - About to shutdown
[INFO  - 2016-03-21T02:23:25.679Z] GhostDriver - Main - running on port 38715
[INFO  - 2016-03-21T02:23:25.877Z] Session [e44f0210-ef0b-11e5-b820-9b6ca2b4cf0d] - page.settings - {"XSSAuditingEnabled":false,"javascriptCanCloseWindows":true,"javascriptCanOpenWindows":true,"javascriptEnabled":true,"loadImages":true,"localToRemoteUrlAccessEnabled":false,"userAgent":"Mozilla/5.0 (Macintosh; Intel Mac OS X) AppleWebKit/538.1 (KHTML, like Gecko) PhantomJS/2.1.1 Safari/538.1","webSecurityEnabled":true}
[INFO  - 2016-03-21T02:23:25.877Z] Session [e44f0210-ef0b-11e5-b820-9b6ca2b4cf0d] - page.customHeaders:  - {}
[INFO  - 2016-03-21T02:23:25.877Z] Session [e44f0210-ef0b-11e5-b820-9b6ca2b4cf0d] - Session.negotiatedCapabilities - {"browserName":"phantomjs","version":"2.1.1","driverName":"ghostdriver","driverVersion":"1.2.0","platform":"mac-10.11 (El Capitan)-64bit","javascriptEnabled":true,"takesScreenshot":true,"handlesAlerts":false,"databaseEnabled":false,"locationContextEnabled":false,"applicationCacheEnabled":false,"browserConnectionEnabled":false,"cssSelectorsEnabled":true,"webStorageEnabled":false,"rotatable":false,"acceptSslCerts":false,"nativeEvents":true,"proxy":{"proxyType":"direct"}}
[INFO  - 2016-03-21T02:23:25.877Z] SessionManagerReqHand - _postNewSessionCommand - New Session Created: e44f0210-ef0b-11e5-b820-9b6ca2b4cf0d
[ERROR - 2016-03-21T02:23:27.321Z] WebElementLocator - _handleLocateCommand - Element(s) NOT Found: GAVE UP. Search Stop Time: 1458527007300
[INFO  - 2016-03-21T02:23:29.973Z] ShutdownReqHand - _handle - About to shutdown
